<?xml version="1.0" encoding="UTF-8" ?>
<testsuite failures="0" time="4.612" errors="0" skipped="0" tests="6" name="org.dcm4chee.web.war.ae.AEMgtTest">
  <properties>
    <property name="java.runtime.name" value="Java(TM) SE Runtime Environment"/>
    <property name="sun.boot.library.path" value="C:\Program Files (x86)\Java\jdk16\jre\bin"/>
    <property name="java.vm.version" value="20.2-b06"/>
    <property name="java.vm.vendor" value="Sun Microsystems Inc."/>
    <property name="java.vendor.url" value="http://java.sun.com/"/>
    <property name="path.separator" value=";"/>
    <property name="guice.disable.misplaced.annotation.check" value="true"/>
    <property name="java.vm.name" value="Java HotSpot(TM) Client VM"/>
    <property name="file.encoding.pkg" value="sun.io"/>
    <property name="user.country" value="BR"/>
    <property name="sun.java.launcher" value="SUN_STANDARD"/>
    <property name="sun.os.patch.level" value=""/>
    <property name="java.vm.specification.name" value="Java Virtual Machine Specification"/>
    <property name="user.dir" value="c:\home\dcm\repos\dcm4chee-web"/>
    <property name="java.runtime.version" value="1.6.0_27-b07"/>
    <property name="java.awt.graphicsenv" value="sun.awt.Win32GraphicsEnvironment"/>
    <property name="java.endorsed.dirs" value="C:\Program Files (x86)\Java\jdk16\jre\lib\endorsed"/>
    <property name="os.arch" value="x86"/>
    <property name="java.io.tmpdir" value="C:\Users\Neto\AppData\Local\Temp\"/>
    <property name="line.separator" value="
"/>
    <property name="java.vm.specification.vendor" value="Sun Microsystems Inc."/>
    <property name="user.variant" value=""/>
    <property name="db" value="psql"/>
    <property name="os.name" value="Windows NT (unknown)"/>
    <property name="classworlds.conf" value="c:\home\dcm\local\apache-maven-3.2.5\bin\..\bin\m2.conf"/>
    <property name="sun.jnu.encoding" value="Cp1252"/>
    <property name="java.library.path" value="C:\Program Files (x86)\Java\jdk16\bin;C:\WINDOWS\Sun\Java\bin;C:\WINDOWS\system32;C:\WINDOWS;C:\Program Files (x86)\csvn\bin\;C:\Program Files (x86)\csvn\Python25\;C:\Program Files\Common Files\Microsoft Shared\Windows Live;C:\Program Files (x86)\Common Files\Microsoft Shared\Windows Live;C:\WINDOWS\system32;C:\WINDOWS;C:\WINDOWS\System32\Wbem;C:\WINDOWS\System32\WindowsPowerShell\v1.0\;C:\home\omnet3\bin;C:\Program Files (x86)\PC Connectivity Solution\;C:\oraclexe\app\oracle\product\10.2.0\server\bin;C:\Program Files\Lenovo\Bluetooth Software\;C:\Program Files\Lenovo\Bluetooth Software\syswow64;C:\Program Files (x86)\Java\jdk16\bin;c:\Program Files (x86)\Microsoft SQL Server\90\Tools\binn\;C:\home\redesOpticas\local\omnetpp\bin;C:\Program Files (x86)\Windows Live\Shared;C:\Python33;C:\Program Files\TortoiseSVN\bin;."/>
    <property name="java.specification.name" value="Java Platform API Specification"/>
    <property name="java.class.version" value="50.0"/>
    <property name="sun.management.compiler" value="HotSpot Client Compiler"/>
    <property name="os.version" value="6.2"/>
    <property name="user.home" value="C:\Users\Neto"/>
    <property name="user.timezone" value="GMT-03:00"/>
    <property name="java.awt.printerjob" value="sun.awt.windows.WPrinterJob"/>
    <property name="java.specification.version" value="1.6"/>
    <property name="file.encoding" value="Cp1252"/>
    <property name="user.name" value="Neto"/>
    <property name="java.class.path" value="c:\home\dcm\local\apache-maven-3.2.5\bin\..\boot\plexus-classworlds-2.5.2.jar"/>
    <property name="java.vm.specification.version" value="1.0"/>
    <property name="sun.arch.data.model" value="32"/>
    <property name="java.home" value="C:\Program Files (x86)\Java\jdk16\jre"/>
    <property name="sun.java.command" value="org.codehaus.plexus.classworlds.launcher.Launcher -Pall -Ddb=psql install"/>
    <property name="java.specification.vendor" value="Sun Microsystems Inc."/>
    <property name="user.language" value="pt"/>
    <property name="awt.toolkit" value="sun.awt.windows.WToolkit"/>
    <property name="java.vm.info" value="mixed mode, sharing"/>
    <property name="java.version" value="1.6.0_27"/>
    <property name="java.ext.dirs" value="C:\Program Files (x86)\Java\jdk16\jre\lib\ext;C:\WINDOWS\Sun\Java\lib\ext"/>
    <property name="sun.boot.class.path" value="C:\Program Files (x86)\Java\jdk16\jre\lib\resources.jar;C:\Program Files (x86)\Java\jdk16\jre\lib\rt.jar;C:\Program Files (x86)\Java\jdk16\jre\lib\sunrsasign.jar;C:\Program Files (x86)\Java\jdk16\jre\lib\jsse.jar;C:\Program Files (x86)\Java\jdk16\jre\lib\jce.jar;C:\Program Files (x86)\Java\jdk16\jre\lib\charsets.jar;C:\Program Files (x86)\Java\jdk16\jre\lib\modules\jdk.boot.jar;C:\Program Files (x86)\Java\jdk16\jre\classes"/>
    <property name="java.vendor" value="Sun Microsystems Inc."/>
    <property name="maven.home" value="c:\home\dcm\local\apache-maven-3.2.5\bin\.."/>
    <property name="file.separator" value="\"/>
    <property name="java.vendor.url.bug" value="http://java.sun.com/cgi-bin/bugreport.cgi"/>
    <property name="sun.cpu.endian" value="little"/>
    <property name="sun.io.unicode.encoding" value="UnicodeLittle"/>
    <property name="sun.desktop" value="windows"/>
    <property name="sun.cpu.isalist" value="pentium_pro+mmx pentium_pro pentium+mmx pentium i486 i386 i86"/>
  </properties>
  <testcase time="2.34" classname="org.dcm4chee.web.war.ae.AEMgtTest" name="testOpenAEMgt"/>
  <testcase time="0.416" classname="org.dcm4chee.web.war.ae.AEMgtTest" name="testOpenEditWindow"/>
  <testcase time="0.63" classname="org.dcm4chee.web.war.ae.AEMgtTest" name="testEditAERequiredFields"/>
  <testcase time="0.608" classname="org.dcm4chee.web.war.ae.AEMgtTest" name="testEditAEValidators"/>
  <testcase time="0.583" classname="org.dcm4chee.web.war.ae.AEMgtTest" name="testNewAE"/>
  <testcase time="0.035" classname="org.dcm4chee.web.war.ae.AEMgtTest" name="testNothing"/>
</testsuite>